<?xml version="1.0" encoding="UTF-8"?>
<!-- Generated by org.testng.reporters.JUnitReportReporter -->
<testsuite skipped="0" hostname="ARANJAN-LTW7" name="FIRST_API.SimpleGetTest" tests="1" failures="0" timestamp="15 Apr 2018 06:26:33 GMT" time="3.323" errors="0">
  <testcase name="GetWeatherDetails" time="3.323" classname="FIRST_API.SimpleGetTest"/>
</testsuite> <!-- FIRST_API.SimpleGetTest -->
