<?xml version="1.0" encoding="UTF-8"?>
<!-- Generated by org.testng.reporters.JUnitReportReporter -->
<testsuite skipped="0" hostname="ARANJAN-LTW7" name="FIRST_API.SimpleGetNotFound" tests="1" failures="0" timestamp="09 Apr 2018 05:35:28 GMT" time="2.663" errors="0">
  <testcase name="GetWeatherDetails" time="2.663" classname="FIRST_API.SimpleGetNotFound"/>
</testsuite> <!-- FIRST_API.SimpleGetNotFound -->
