<?xml version="1.0" encoding="UTF-8"?>
<!-- Generated by org.testng.reporters.JUnitReportReporter -->
<testsuite skipped="0" hostname="ARANJAN-LTW7" name="FIRST_API.UnthenticationSuccessful" tests="1" failures="0" timestamp="08 Apr 2018 14:05:20 GMT" time="2.799" errors="0">
  <testcase name="validateSuccessful" time="2.799" classname="FIRST_API.UnthenticationSuccessful"/>
</testsuite> <!-- FIRST_API.UnthenticationSuccessful -->
