<?xml version="1.0" encoding="UTF-8"?>
<!-- Generated by org.testng.reporters.JUnitReportReporter -->
<testsuite skipped="0" hostname="ARANJAN-LTW7" name="FIRST_API.SimpleDelete" tests="1" failures="0" timestamp="08 Apr 2018 14:09:09 GMT" time="2.257" errors="0">
  <testcase name="GetWeatherDetails" time="2.257" classname="FIRST_API.SimpleDelete"/>
</testsuite> <!-- FIRST_API.SimpleDelete -->
