<?xml version="1.0" encoding="UTF-8"?>
<!-- Generated by org.testng.reporters.JUnitReportReporter -->
<testsuite skipped="0" hostname="ARANJAN-LTW7" name="FIRST_API.SimpleGetNotFound" tests="1" failures="0" timestamp="15 Apr 2018 06:25:52 GMT" time="3.476" errors="0">
  <testcase name="GetWeatherDetails" time="3.476" classname="FIRST_API.SimpleGetNotFound"/>
</testsuite> <!-- FIRST_API.SimpleGetNotFound -->
