<?xml version="1.0" encoding="UTF-8"?>
<!-- Generated by org.testng.reporters.JUnitReportReporter -->
<testsuite skipped="0" hostname="ARANJAN-LTW7" name="FIRST_API.SimplePostTest" tests="1" failures="0" timestamp="08 Apr 2018 14:28:32 GMT" time="25.518" errors="0">
  <testcase name="GetWeatherDetails" time="25.518" classname="FIRST_API.SimplePostTest"/>
</testsuite> <!-- FIRST_API.SimplePostTest -->
