<?xml version="1.0" encoding="UTF-8"?>
<!-- Generated by org.testng.reporters.JUnitReportReporter -->
<testsuite skipped="0" hostname="ARANJAN-LTW7" name="FIRST_API.SimplePutTest" tests="1" failures="0" timestamp="09 Apr 2018 06:28:40 GMT" time="0.700" errors="0">
  <testcase name="validateDelete" time="0.700" classname="FIRST_API.SimplePutTest"/>
</testsuite> <!-- FIRST_API.SimplePutTest -->
