<?xml version="1.0" encoding="UTF-8"?>
<!-- Generated by org.testng.reporters.JUnitReportReporter -->
<testsuite skipped="0" hostname="ARANJAN-LTW7" name="FIRST_API.SimplePostTest" tests="1" failures="0" timestamp="09 Apr 2018 06:28:40 GMT" time="1.025" errors="0">
  <testcase name="GetWeatherDetails" time="1.025" classname="FIRST_API.SimplePostTest"/>
</testsuite> <!-- FIRST_API.SimplePostTest -->
