<?xml version="1.0" encoding="UTF-8"?>
<!-- Generated by org.testng.reporters.JUnitReportReporter -->
<testsuite skipped="0" hostname="ARANJAN-LTW7" name="FIRST_API.SimpleGetTest" tests="1" failures="0" timestamp="08 Apr 2018 09:28:08 GMT" time="2.663" errors="0">
  <testcase name="GetWeatherDetails" time="2.663" classname="FIRST_API.SimpleGetTest"/>
</testsuite> <!-- FIRST_API.SimpleGetTest -->
