<?xml version="1.0" encoding="UTF-8"?>
<!-- Generated by org.testng.reporters.JUnitReportReporter -->
<testsuite skipped="0" hostname="ARANJAN-LTW7" name="FIRST_API.SimplePutTest" tests="1" failures="0" timestamp="08 Apr 2018 14:29:37 GMT" time="5.611" errors="0">
  <testcase name="validateDelete" time="5.611" classname="FIRST_API.SimplePutTest"/>
</testsuite> <!-- FIRST_API.SimplePutTest -->
