<?xml version="1.0" encoding="UTF-8"?>
<!-- Generated by org.testng.reporters.JUnitReportReporter -->
<testsuite skipped="0" hostname="ARANJAN-LTW7" name="FIRST_API.UnthenticationSuccessful" tests="1" failures="0" timestamp="15 Apr 2018 06:27:27 GMT" time="5.912" errors="0">
  <testcase name="validateSuccessful" time="5.912" classname="FIRST_API.UnthenticationSuccessful"/>
</testsuite> <!-- FIRST_API.UnthenticationSuccessful -->
